<?xml version="1.0" encoding="UTF-8"?>
<testsuite name="com.csc.TestFuzzyFinder" tests="1" skipped="0" failures="0" errors="0" timestamp="2024-10-23T16:43:50" hostname="CHRIS-LAPTOP" time="0.014">
  <properties/>
  <testcase name="testingSortedLinearAndBinary()" classname="com.csc.TestFuzzyFinder" time="0.014"/>
  <system-out><![CDATA[]]></system-out>
  <system-err><![CDATA[]]></system-err>
</testsuite>
